<?xml version="1.0" encoding="UTF-8"?>
<!-- Generated by org.testng.reporters.JUnitReportReporter -->
<testsuite hostname="DESKTOP-T50I4UU" failures="0" tests="3" name="com.qa.testcases.TestCase1" time="37.088" errors="0" timestamp="31 Oct 2024 06:28:20 GMT" skipped="0">
  <testcase classname="com.qa.testcases.TestCase1" name="loginPageLogoTest" time="18.138"/>
  <testcase classname="com.qa.testcases.TestCase1" name="loginPageTitle" time="5.000"/>
  <testcase classname="com.qa.testcases.TestCase1" name="loginIntoSwagLabPortal" time="13.950"/>
</testsuite> <!-- com.qa.testcases.TestCase1 -->
